process_radtags v2.63, executed 2024-04-17 16:52:27 (zlib-1.2.11)
process_radtags -1 ./raw/MK1_A1/MK1_A1_Trim1.fq.gz -2 ./raw/MK1_A1/MK1_A1_Trim2.fq.gz -b ./raw/MK1_A1/barcodes_MK1_A1 --paired -c -r -o ./intermediate/process_radtags/ -q --inline-inline --renz-1 pstI --renz-2 aclI

# Note: Individual distributions can be extracted using the `stacks-dist-extract` utility.
#       e.g. `stacks-dist-extract process_radtags.MK1_A1.log dist_name`

BEGIN per_file_raw_read_counts
File	Retained Reads	Low Quality	Barcode Not Found	RAD cutsite Not Found	Total
MK1_A1_Trim1.fq.gz	12067	23	108	94	12292
END per_file_raw_read_counts

BEGIN total_raw_read_counts
Total Sequences	12292
Barcode Not Found	108	0.9%
Low Quality	23	0.2%
RAD Cutsite Not Found	94	0.8%
Retained Reads	12067	98.2%
END total_raw_read_counts

BEGIN per_barcode_raw_read_counts
Barcode	Filename	Total	RAD Cutsite Not Found	Low Quality	Retained Reads	Pct Retained	Pct Total Reads
CTCC-TAG	GVA1418	12184	94	23	12067	99.0%	98.2%
END per_barcode_raw_read_counts

BEGIN barcodes_not_recorded
# A list and count of barcodes found that were not specified in the barcodes input file.
Barcode	Total
CTCC-GGG	50
CTCC-AGC	26
CTCC-TGC	4
CTCC-CTC	4
CTCC-TTA	2
AGTG-ATC	2
CTCC-TGT	2
CTCC-CTA	2
CTCC-TCA	2
CTTT-TTT	2
TAGG-TAG	2
CGGC-CGG	2
CCTC-TAG	2
CCCT-TAG	2
TCCT-TAG	2
CACA-TAG	2
END barcodes_not_recorded
